[    0.000000] Initializing cgroup subsys cpuset
[    0.000000] Initializing cgroup subsys cpu
[    0.000000] Initializing cgroup subsys cpuacct
[    0.000000] Linux version 4.4.0-210-generic (buildd@lgw01-amd64-037) (gcc version 5.4.0 20160609 (Ubuntu 5.4.0-6ubuntu1~16.04.12) ) #242-Ubuntu SMP Fri Apr 16 09:57:00 UTC 2021 (Ubuntu 4.4.0-210.242-generic 4.4.262)
[    0.000000] KERNEL supported cpus:
[    0.000000]   Intel GenuineIntel
[    0.000000]   AMD AuthenticAMD
[    0.000000]   NSC Geode by NSC
[    0.000000]   Cyrix CyrixInstead
[    0.000000]   Centaur CentaurHauls
[    0.000000]   Transmeta GenuineTMx86
[    0.000000]   Transmeta TransmetaCPU
[    0.000000]   UMC UMC UMC UMC
[    0.000000] x86/fpu: xstate_offset[2]:  576, xstate_sizes[2]:  256
[    0.000000] x86/fpu: Supporting XSAVE feature 0x01: 'x87 floating point registers'
[    0.000000] x86/fpu: Supporting XSAVE feature 0x02: 'SSE registers'
[    0.000000] x86/fpu: Supporting XSAVE feature 0x04: 'AVX registers'
[    0.000000] x86/fpu: Enabled xstate features 0x7, context size is 832 bytes, using 'standard' format.
[    0.000000] e820: BIOS-provided physical RAM map:
[    0.000000] BIOS-e820: [mem 0x0000000000000000-0x000000000009fbff] usable
[    0.000000] BIOS-e820: [mem 0x000000000009fc00-0x000000000009ffff] reserved
[    0.000000] BIOS-e820: [mem 0x00000000000f0000-0x00000000000fffff] reserved
[    0.000000] BIOS-e820: [mem 0x0000000000100000-0x000000003ffeffff] usable
[    0.000000] BIOS-e820: [mem 0x000000003fff0000-0x000000003fffffff] ACPI data
[    0.000000] BIOS-e820: [mem 0x00000000fec00000-0x00000000fec00fff] reserved
[    0.000000] BIOS-e820: [mem 0x00000000fee00000-0x00000000fee00fff] reserved
[    0.000000] BIOS-e820: [mem 0x00000000fffc0000-0x00000000ffffffff] reserved
[    0.000000] NX (Execute Disable) protection: active
[    0.000000] SMBIOS 2.5 present.
[    0.000000] Hypervisor detected: KVM
[    0.000000] e820: last_pfn = 0x3fff0 max_arch_pfn = 0x1000000
[    0.000000] MTRR: Disabled
[    0.000000] x86/PAT: MTRRs disabled, skipping PAT initialization too.
[    0.000000] CPU MTRRs all blank - virtualized system.
[    0.000000] x86/PAT: Configuration [0-7]: WB  WT  UC- UC  WB  WT  UC- UC  
[    0.000000] found SMP MP-table at [mem 0x0009fff0-0x0009ffff] mapped at [c009fff0]
[    0.000000] Scanning 1 areas for low memory corruption
[    0.000000] RAMDISK: [mem 0x36254000-0x37121fff]
[    0.000000] ACPI: Early table checksum verification disabled
[    0.000000] ACPI: RSDP 0x00000000000E0000 000024 (v02 VBOX  )
[    0.000000] ACPI: XSDT 0x000000003FFF0030 00003C (v01 VBOX   VBOXXSDT 00000001 ASL  00000061)
[    0.000000] ACPI: FACP 0x000000003FFF00F0 0000F4 (v04 VBOX   VBOXFACP 00000001 ASL  00000061)
[    0.000000] ACPI: DSDT 0x000000003FFF0470 002325 (v02 VBOX   VBOXBIOS 00000002 INTL 20100528)
[    0.000000] ACPI: FACS 0x000000003FFF0200 000040
[    0.000000] ACPI: FACS 0x000000003FFF0200 000040
[    0.000000] ACPI: APIC 0x000000003FFF0240 00005C (v02 VBOX   VBOXAPIC 00000001 ASL  00000061)
[    0.000000] ACPI: SSDT 0x000000003FFF02A0 0001CC (v01 VBOX   VBOXCPUT 00000002 INTL 20100528)
[    0.000000] 131MB HIGHMEM available.
[    0.000000] 891MB LOWMEM available.
[    0.000000]   mapped low ram: 0 - 37bfe000
[    0.000000]   low ram: 0 - 37bfe000
[    0.000000] kvm-clock: Using msrs 4b564d01 and 4b564d00
[    0.000000] kvm-clock: cpu 0, msr 0:37bfd001, primary cpu clock
[    0.000000] kvm-clock: using sched offset of 3242896242 cycles
[    0.000000] clocksource: kvm-clock: mask: 0xffffffffffffffff max_cycles: 0x1cd42e4dffb, max_idle_ns: 881590591483 ns
[    0.000000] Zone ranges:
[    0.000000]   DMA      [mem 0x0000000000001000-0x0000000000ffffff]
[    0.000000]   Normal   [mem 0x0000000001000000-0x0000000037bfdfff]
[    0.000000]   HighMem  [mem 0x0000000037bfe000-0x000000003ffeffff]
[    0.000000] Movable zone start for each node
[    0.000000] Early memory node ranges
[    0.000000]   node   0: [mem 0x0000000000001000-0x000000000009efff]
[    0.000000]   node   0: [mem 0x0000000000100000-0x000000003ffeffff]
[    0.000000] Initmem setup node 0 [mem 0x0000000000001000-0x000000003ffeffff]
[    0.000000] Using APIC driver default
[    0.000000] ACPI: PM-Timer IO Port: 0x4008
[    0.000000] IOAPIC[0]: apic_id 2, version 32, address 0xfec00000, GSI 0-23
[    0.000000] ACPI: INT_SRC_OVR (bus 0 bus_irq 0 global_irq 2 dfl dfl)
[    0.000000] ACPI: INT_SRC_OVR (bus 0 bus_irq 9 global_irq 9 low level)
[    0.000000] Using ACPI (MADT) for SMP configuration information
[    0.000000] smpboot: Allowing 2 CPUs, 0 hotplug CPUs
[    0.000000] PM: Registered nosave memory: [mem 0x00000000-0x00000fff]
[    0.000000] PM: Registered nosave memory: [mem 0x0009f000-0x0009ffff]
[    0.000000] PM: Registered nosave memory: [mem 0x000a0000-0x000effff]
[    0.000000] PM: Registered nosave memory: [mem 0x000f0000-0x000fffff]
[    0.000000] e820: [mem 0x40000000-0xfebfffff] available for PCI devices
[    0.000000] Booting paravirtualized kernel on KVM
[    0.000000] clocksource: refined-jiffies: mask: 0xffffffff max_cycles: 0xffffffff, max_idle_ns: 7645519600211568 ns
[    0.000000] setup_percpu: NR_CPUS:8 nr_cpumask_bits:8 nr_cpu_ids:2 nr_node_ids:1
[    0.000000] PERCPU: Embedded 18 pages/cpu @f71b2000 s42956 r0 d30772 u73728
[    0.000000] Built 1 zonelists in Zone order, mobility grouping on.  Total pages: 259800
[    0.000000] Kernel command line: BOOT_IMAGE=/boot/vmlinuz-4.4.0-210-generic root=LABEL=cloudimg-rootfs ro console=tty1 console=ttyS0
[    0.000000] PID hash table entries: 4096 (order: 2, 16384 bytes)
[    0.000000] Dentry cache hash table entries: 131072 (order: 7, 524288 bytes)
[    0.000000] Inode-cache hash table entries: 65536 (order: 6, 262144 bytes)
[    0.000000] Initializing CPU#0
[    0.000000] Initializing HighMem for node 0 (00037bfe:0003fff0)
[    0.000000] Initializing Movable for node 0 (00000000:00000000)
[    0.000000] Memory: 1007592K/1048120K available (8151K kernel code, 787K rwdata, 3216K rodata, 944K init, 724K bss, 40528K reserved, 0K cma-reserved, 135112K highmem)
[    0.000000] virtual kernel memory layout:
[    0.000000]     fixmap  : 0xfff15000 - 0xfffff000   ( 936 kB)
[    0.000000]     pkmap   : 0xffc00000 - 0xffe00000   (2048 kB)
[    0.000000]     vmalloc : 0xf83fe000 - 0xffbfe000   ( 120 MB)
[    0.000000]     lowmem  : 0xc0000000 - 0xf7bfe000   ( 891 MB)
[    0.000000]       .init : 0xc1be2000 - 0xc1cce000   ( 944 kB)
[    0.000000]       .data : 0xc17f61b8 - 0xc1be0d40   (4010 kB)
[    0.000000]       .text : 0xc1000000 - 0xc17f61b8   (8152 kB)
[    0.000000] Checking if this processor honours the WP bit even in supervisor mode...Ok.
[    0.000000] SLUB: HWalign=64, Order=0-3, MinObjects=0, CPUs=2, Nodes=1
[    0.000000] Hierarchical RCU implementation.
[    0.000000] 	Build-time adjustment of leaf fanout to 32.
[    0.000000] 	RCU restricting CPUs from NR_CPUS=8 to nr_cpu_ids=2.
[    0.000000] RCU: Adjusting geometry for rcu_fanout_leaf=32, nr_cpu_ids=2
[    0.000000] NR_IRQS:2304 nr_irqs:440 16
[    0.000000] Console: colour VGA+ 80x25
[    0.000000] console [tty1] enabled
[    0.000000] console [ttyS0] enabled
[    0.000000] allocated 1048576 bytes of page_ext
[    0.000000] tsc: Detected 3600.002 MHz processor
[    0.203518] Calibrating delay loop (skipped) preset value.. 7200.00 BogoMIPS (lpj=14400008)
[    0.205098] pid_max: default: 32768 minimum: 301
[    0.205876] ACPI: Core revision 20150930
[    0.207783] ACPI: 2 ACPI AML tables successfully acquired and loaded
[    0.209466] Security Framework initialized
[    0.210227] Yama: becoming mindful.
[    0.210980] AppArmor: AppArmor initialized
[    0.212001] Mount-cache hash table entries: 2048 (order: 1, 8192 bytes)
[    0.213138] Mountpoint-cache hash table entries: 2048 (order: 1, 8192 bytes)
[    0.214420] Initializing cgroup subsys io
[    0.215399] Initializing cgroup subsys memory
[    0.216208] Initializing cgroup subsys devices
[    0.217046] Initializing cgroup subsys freezer
[    0.217817] Initializing cgroup subsys net_cls
[    0.218630] Initializing cgroup subsys perf_event
[    0.219474] Initializing cgroup subsys net_prio
[    0.220267] Initializing cgroup subsys hugetlb
[    0.221012] Initializing cgroup subsys pids
[    0.223630] mce: CPU supports 0 MCE banks
[    0.224410] Last level iTLB entries: 4KB 64, 2MB 8, 4MB 8
[    0.225341] Last level dTLB entries: 4KB 64, 2MB 0, 4MB 0, 1GB 4
[    0.226445] Spectre V1 : Mitigation: usercopy/swapgs barriers and __user pointer sanitization
[    0.227965] Spectre V2 : Mitigation: Full generic retpoline
[    0.229081] Spectre V2 : Spectre v2 / SpectreRSB mitigation: Filling RSB on context switch
[    0.230690] Speculative Store Bypass: Vulnerable
[    0.231679] SRBDS: Unknown: Dependent on hypervisor status
[    0.232692] MDS: Mitigation: Clear CPU buffers
[    0.236471] Freeing SMP alternatives memory: 36K
[    0.243268] ftrace: allocating 31668 entries in 62 pages
[    0.299592] smpboot: APIC(0) Converting physical 0 to logical package 0
[    0.300791] smpboot: Max logical packages: 1
[    0.301710] Enabling APIC mode:  Flat.  Using 1 I/O APICs
[    0.303841] ..TIMER: vector=0x30 apic1=0 pin1=2 apic2=-1 pin2=-1
[    0.413020] smpboot: CPU0: Intel(R) Core(TM) i9-9900K CPU @ 3.60GHz (family: 0x6, model: 0x9e, stepping: 0xc)
[    0.415193] Performance Events: unsupported p6 CPU model 158 no PMU driver, software events only.
[    0.423335] KVM setup paravirtual spinlock
[    0.424972] x86: Booting SMP configuration:
[    0.426123] .... node  #0, CPUs:      #1
[1266874886.466655] Initializing CPU#1
[    0.427682] kvm-clock: cpu 1, msr 0:37bfd041, secondary cpu clock
[    0.430383] mce: CPU supports 0 MCE banks
[    0.432833] x86: Booted up 1 node, 2 CPUs
[    0.433772] smpboot: Total of 2 processors activated (14400.00 BogoMIPS)
[    0.435262] devtmpfs: initialized
[    0.436018] evm: security.selinux
[    0.436644] evm: security.SMACK64
[    0.437434] evm: security.SMACK64EXEC
[    0.438112] evm: security.SMACK64TRANSMUTE
[    0.438828] evm: security.SMACK64MMAP
[    0.439494] evm: security.ima
[    0.440076] evm: security.capability
[    0.441224] clocksource: jiffies: mask: 0xffffffff max_cycles: 0xffffffff, max_idle_ns: 7645041785100000 ns
[    0.443175] futex hash table entries: 512 (order: 3, 32768 bytes)
[    0.444418] pinctrl core: initialized pinctrl subsystem
[    0.445517] RTC time: 17:11:39, date: 09/21/21
[    0.446503] NET: Registered protocol family 16
[    0.447561] EISA bus registered
[    0.458416] cpuidle: using governor ladder
[    0.470243] cpuidle: using governor menu
[    0.471003] PCCT header not found.
[    0.471839] ACPI: bus type PCI registered
[    0.472730] acpiphp: ACPI Hot Plug PCI Controller Driver version: 0.5
[    0.474033] PCI : PCI BIOS area is rw and x. Use pci=nobios if you want it NX.
[    0.475426] PCI: PCI BIOS revision 2.10 entry at 0xfda26, last bus=0
[    0.476727] PCI: Using configuration type 1 for base access
[    0.491696] ACPI: Added _OSI(Module Device)
[    0.492437] ACPI: Added _OSI(Processor Device)
[    0.493260] ACPI: Added _OSI(3.0 _SCP Extensions)
[    0.494105] ACPI: Added _OSI(Processor Aggregator Device)
[    0.495532] ACPI: Executed 1 blocks of module-level executable AML code
[    0.498280] ACPI: Interpreter enabled
[    0.498962] ACPI: (supports S0 S5)
[    0.499599] ACPI: Using IOAPIC for interrupt routing
[    0.509796] PCI: Using host bridge windows from ACPI; if necessary, use "pci=nocrs" and report a bug
[    0.514381] ACPI: PCI Root Bridge [PCI0] (domain 0000 [bus 00-ff])
[    0.515482] acpi PNP0A03:00: _OSC: OS supports [ASPM ClockPM Segments MSI]
[    0.516820] acpi PNP0A03:00: _OSC: not requesting OS control; OS requires [ExtendedConfig ASPM ClockPM MSI]
[    0.518549] acpi PNP0A03:00: fail to add MMCONFIG information, can't access extended PCI configuration space under this bridge.
[    0.520882] PCI host bridge to bus 0000:00
[    0.522113] pci_bus 0000:00: root bus resource [io  0x0000-0x0cf7 window]
[    0.523338] pci_bus 0000:00: root bus resource [io  0x0d00-0xffff window]
[    0.524469] pci_bus 0000:00: root bus resource [mem 0x000a0000-0x000bffff window]
[    0.526321] pci_bus 0000:00: root bus resource [mem 0x40000000-0xfdffffff window]
[    0.528126] pci_bus 0000:00: root bus resource [bus 00-ff]
[    0.531101] pci 0000:00:01.1: legacy IDE quirk: reg 0x10: [io  0x01f0-0x01f7]
[    0.532321] pci 0000:00:01.1: legacy IDE quirk: reg 0x14: [io  0x03f6]
[    0.533609] pci 0000:00:01.1: legacy IDE quirk: reg 0x18: [io  0x0170-0x0177]
[    0.534797] pci 0000:00:01.1: legacy IDE quirk: reg 0x1c: [io  0x0376]
[    0.543329] pci 0000:00:07.0: quirk: [io  0x4000-0x403f] claimed by PIIX4 ACPI
[    0.544685] pci 0000:00:07.0: quirk: [io  0x4100-0x410f] claimed by PIIX4 SMB
[    0.548900] ACPI: PCI Interrupt Link [LNKA] (IRQs 5 9 10 *11)
[    0.550503] ACPI: PCI Interrupt Link [LNKB] (IRQs 5 9 *10 11)
[    0.552083] ACPI: PCI Interrupt Link [LNKC] (IRQs 5 *9 10 11)
[    0.553635] ACPI: PCI Interrupt Link [LNKD] (IRQs 5 9 10 *11)
[    0.555140] ACPI: Enabled 2 GPEs in block 00 to 07
[    0.556217] vgaarb: setting as boot device: PCI:0000:00:02.0
[    0.557196] vgaarb: device added: PCI:0000:00:02.0,decodes=io+mem,owns=io+mem,locks=none
[    0.558633] vgaarb: loaded
[    0.559225] vgaarb: bridge control possible 0000:00:02.0
[    0.560253] SCSI subsystem initialized
[    0.561054] ACPI: bus type USB registered
[    0.561772] usbcore: registered new interface driver usbfs
[    0.562753] usbcore: registered new interface driver hub
[    0.563689] usbcore: registered new device driver usb
[    0.564842] PCI: Using ACPI for IRQ routing
[    0.565769] NetLabel: Initializing
[    0.566401] NetLabel:  domain hash size = 128
[    0.567174] NetLabel:  protocols = UNLABELED CIPSOv4
[    0.568074] NetLabel:  unlabeled traffic allowed by default
[    0.569128] amd_nb: Cannot enumerate AMD northbridges
[    0.570086] clocksource: Switched to clocksource kvm-clock
[    0.582358] AppArmor: AppArmor Filesystem Enabled
[    0.583241] pnp: PnP ACPI init
[    0.584500] pnp: PnP ACPI: found 3 devices
[    0.585305] PnPBIOS: Disabled by ACPI PNP
[    0.626418] clocksource: acpi_pm: mask: 0xffffff max_cycles: 0xffffff, max_idle_ns: 2085701024 ns
[    0.628645] NET: Registered protocol family 2
[    0.629610] TCP established hash table entries: 8192 (order: 3, 32768 bytes)
[    0.630959] TCP bind hash table entries: 8192 (order: 4, 65536 bytes)
[    0.632155] TCP: Hash tables configured (established 8192 bind 8192)
[    0.633150] UDP hash table entries: 512 (order: 2, 16384 bytes)
[    0.634215] UDP-Lite hash table entries: 512 (order: 2, 16384 bytes)
[    0.635338] NET: Registered protocol family 1
[    0.636150] pci 0000:00:00.0: Limiting direct PCI/PCI transfers
[    0.637258] pci 0000:00:01.0: Activating ISA DMA hang workarounds
[    0.638395] Unpacking initramfs...
[    0.907660] Freeing initrd memory: 15160K
[    0.908524] clocksource: tsc: mask: 0xffffffffffffffff max_cycles: 0x33e4559ce44, max_idle_ns: 440795364889 ns
[    0.910394] platform rtc_cmos: registered platform RTC device (no PNP device found)
[    0.912093] Scanning for low memory corruption every 60 seconds
[    0.913472] audit: initializing netlink subsys (disabled)
[    0.914584] audit: type=2000 audit(1632244305.236:1): initialized
[    0.915992] Initialise system trusted keyring
[    0.917284] HugeTLB registered 2 MB page size, pre-allocated 0 pages
[    0.919168] zbud: loaded
[    0.919909] VFS: Disk quotas dquot_6.6.0
[    0.920785] VFS: Dquot-cache hash table entries: 1024 (order 0, 4096 bytes)
[    0.922067] squashfs: version 4.0 (2009/01/31) Phillip Lougher
[    0.923450] fuse init (API version 7.23)
[    0.924566] Key type big_key registered
[    0.925676] Allocating IMA MOK and blacklist keyrings.
[    0.929085] Key type asymmetric registered
[    0.929964] Asymmetric key parser 'x509' registered
[    0.930891] bounce: pool size: 64 pages
[    0.931600] Block layer SCSI generic (bsg) driver version 0.4 loaded (major 249)
[    0.933141] io scheduler noop registered
[    0.933852] io scheduler deadline registered (default)
[    0.934800] io scheduler cfq registered
[    0.935555] pci_hotplug: PCI Hot Plug PCI Core version: 0.5
[    0.936463] pciehp: PCI Express Hot Plug Controller Driver version: 0.4
[    0.937643] ACPI: AC Adapter [AC] (on-line)
[    0.938430] input: Power Button as /devices/LNXSYSTM:00/LNXPWRBN:00/input/input0
[    0.939851] ACPI: Power Button [PWRF]
[    0.940566] input: Sleep Button as /devices/LNXSYSTM:00/LNXSLPBN:00/input/input1
[    0.941874] ACPI: Sleep Button [SLPF]
[    0.942774] GHES: HEST is not enabled!
[    0.943519] isapnp: Scanning for PnP cards...
[    0.946175] Serial: 8250/16550 driver, 32 ports, IRQ sharing enabled
[    0.967721] 00:02: ttyS0 at I/O 0x3f8 (irq = 4, base_baud = 115200) is a 16550A
[    0.969912] Linux agpgart interface v0.103
[    0.971567] loop: module loaded
[    0.972672] scsi host0: ata_piix
[    0.973379] scsi host1: ata_piix
[    0.974056] ata1: PATA max UDMA/33 cmd 0x1f0 ctl 0x3f6 bmdma 0xd000 irq 14
[    0.975493] ata2: PATA max UDMA/33 cmd 0x170 ctl 0x376 bmdma 0xd008 irq 15
[    0.976696] libphy: Fixed MDIO Bus: probed
[    0.977729] tun: Universal TUN/TAP device driver, 1.6
[    0.978681] tun: (C) 1999-2004 Max Krasnyansky <maxk@qualcomm.com>
[    0.979745] PPP generic driver version 2.4.2
[    0.980640] ehci_hcd: USB 2.0 'Enhanced' Host Controller (EHCI) Driver
[    0.981768] ehci-pci: EHCI PCI platform driver
[    0.982662] ehci-platform: EHCI generic platform driver
[    0.983837] ohci_hcd: USB 1.1 'Open' Host Controller (OHCI) Driver
[    0.985070] ohci-pci: OHCI PCI platform driver
[    0.986055] ohci-platform: OHCI generic platform driver
[    0.987248] uhci_hcd: USB Universal Host Controller Interface driver
[    0.988617] i8042: PNP: PS/2 Controller [PNP0303:PS2K,PNP0f03:PS2M] at 0x60,0x64 irq 1,12
[    0.990991] serio: i8042 KBD port at 0x60,0x64 irq 1
[    0.992118] serio: i8042 AUX port at 0x60,0x64 irq 12
[    0.993443] mousedev: PS/2 mouse device common for all mice
[    0.994928] rtc_cmos rtc_cmos: rtc core: registered rtc_cmos as rtc0
[    0.996149] input: AT Translated Set 2 keyboard as /devices/platform/i8042/serio0/input/input2
[    0.997817] rtc_cmos rtc_cmos: alarms up to one day, 114 bytes nvram
[    0.999093] i2c /dev entries driver
[    0.999870] device-mapper: uevent: version 1.0.3
[    1.001100] device-mapper: ioctl: 4.34.0-ioctl (2015-10-28) initialised: dm-devel@redhat.com
[    1.003125] platform eisa.0: Probing EISA bus 0
[    1.003966] platform eisa.0: EISA: Cannot allocate resource for mainboard
[    1.005147] platform eisa.0: Cannot allocate resource for EISA slot 1
[    1.006613] platform eisa.0: Cannot allocate resource for EISA slot 2
[    1.007914] platform eisa.0: Cannot allocate resource for EISA slot 3
[    1.009029] platform eisa.0: Cannot allocate resource for EISA slot 4
[    1.010118] platform eisa.0: Cannot allocate resource for EISA slot 5
[    1.011280] platform eisa.0: Cannot allocate resource for EISA slot 6
[    1.012454] platform eisa.0: Cannot allocate resource for EISA slot 7
[    1.013607] platform eisa.0: Cannot allocate resource for EISA slot 8
[    1.014810] platform eisa.0: EISA: Detected 0 cards
[    1.015706] cpufreq-nforce2: No nForce2 chipset.
[    1.016552] ledtrig-cpu: registered to indicate activity on CPUs
[    1.017834] NET: Registered protocol family 10
[    1.018770] NET: Registered protocol family 17
[    1.019620] Key type dns_resolver registered
[    1.020519] Using IPI No-Shortcut mode
[    1.021314] registered taskstats version 1
[    1.022240] Loading compiled-in X.509 certificates
[    1.024294] Loaded X.509 cert 'Build time autogenerated kernel key: 20ac0ed02049a72ce76c079ea50dd43d3ac5969c'
[    1.026195] zswap: loaded using pool lzo/zbud
[    1.028097] Key type trusted registered
[    1.030588] Key type encrypted registered
[    1.031447] AppArmor: AppArmor sha1 policy hashing enabled
[    1.032404] ima: No TPM chip found, activating TPM-bypass!
[    1.033370] ima: Allocated hash algorithm: sha1
[    1.034287] evm: HMAC attrs: 0x1
[    1.035143]   Magic number: 5:18:189
[    1.035993] rtc_cmos rtc_cmos: setting system clock to 2021-09-21 17:11:40 UTC (1632244300)
[    1.037564] BIOS EDD facility v0.16 2004-Jun-25, 0 devices found
[    1.038731] EDD information not available.
[    1.300443] isapnp: No Plug & Play device found
[    1.301502] Freeing unused kernel memory: 944K
[    1.730726] Write protecting the kernel text: 8156k
[    1.731748] Write protecting the kernel read-only data: 3220k
[    1.732986] NX-protecting the kernel data: 6180k
Loading, please wait...
starting version 229
[    1.744278] random: systemd-udevd: uninitialized urandom read (16 bytes read, 0 bits of entropy available)
[    1.744688] random: udevadm: uninitialized urandom read (16 bytes read, 0 bits of entropy available)
[    1.747966] random: systemd-udevd: uninitialized urandom read (16 bytes read, 0 bits of entropy available)
[    1.749758] random: systemd-udevd: uninitialized urandom read (16 bytes read, 0 bits of entropy available)
[    1.752678] random: udevadm: uninitialized urandom read (16 bytes read, 0 bits of entropy available)
[    1.754264] random: systemd-udevd: uninitialized urandom read (16 bytes read, 0 bits of entropy available)
[    1.765855] random: udevadm: uninitialized urandom read (16 bytes read, 0 bits of entropy available)
[    1.767776] random: udevadm: uninitialized urandom read (16 bytes read, 0 bits of entropy available)
[    1.769455] random: udevadm: uninitialized urandom read (16 bytes read, 0 bits of entropy available)
[    1.771294] random: udevadm: uninitialized urandom read (16 bytes read, 0 bits of entropy available)
[    1.792380] [drm] Initialized drm 1.1.0 20060810
[    1.804389] Fusion MPT base driver 3.04.20
[    1.805345] Copyright (c) 1999-2008 LSI Corporation
[    1.806878] e1000: Intel(R) PRO/1000 Network Driver - version 7.3.21-k8-NAPI
[    1.808655] e1000: Copyright (c) 1999-2006 Intel Corporation.
[    1.809769] vboxvideo: loading out-of-tree module taints kernel.
[    1.811137] vboxvideo: module verification failed: signature and/or required key missing - tainting kernel
[    1.814431] vboxvideo: loading version 6.1.26 r145957
[    1.825133] Fusion MPT SPI Host driver 3.04.20
[    2.029513] input: ImExPS/2 Generic Explorer Mouse as /devices/platform/i8042/serio1/input/input4
[    2.731665] e1000 0000:00:03.0 eth0: (PCI:33MHz:32-bit) 02:f5:69:a8:c4:9c
[    2.732893] e1000 0000:00:03.0 eth0: Intel(R) PRO/1000 Network Connection
[    2.734756] [drm] VRAM 01000000
[    2.734757] e1000 0000:00:03.0 enp0s3: renamed from eth0
[    2.736947] [TTM] Zone  kernel: Available graphics memory: 444310 kiB
[    2.738608] [TTM] Zone highmem: Available graphics memory: 511866 kiB
[    2.739660] [TTM] Initializing pool allocator
[    2.740517] [TTM] Initializing DMA pool allocator
[    2.742964] fbcon: vboxdrmfb (fb0) is primary device
[    2.748678] Console: switching to colour frame buffer device 100x37
[    2.750743] vboxvideo 0000:00:02.0: fb0: vboxdrmfb frame buffer device
[    2.762516] [drm] Initialized vboxvideo 1.0.0 20130823 for 0000:00:02.0 on minor 0
[    2.764199] mptbase: ioc0: Initiating bringup
[    2.826305] ioc0: LSI53C1030 A0: Capabilities={Initiator}
[    2.988143] scsi host2: ioc0: LSI53C1030 A0, FwRev=00000000h, Ports=1, MaxQ=256, IRQ=20
[    3.098708] scsi 2:0:0:0: Direct-Access     VBOX     HARDDISK         1.0  PQ: 0 ANSI: 5
[    3.099624] scsi target2:0:0: Beginning Domain Validation
[    3.103042] scsi target2:0:0: Domain Validation skipping write tests
[    3.103773] scsi target2:0:0: Ending Domain Validation
[    3.104513] scsi target2:0:0: asynchronous
[    3.105841] scsi 2:0:1:0: Direct-Access     VBOX     HARDDISK         1.0  PQ: 0 ANSI: 5
[    3.106995] scsi target2:0:1: Beginning Domain Validation
[    3.109979] scsi target2:0:1: Domain Validation skipping write tests
[    3.110962] scsi target2:0:1: Ending Domain Validation
[    3.111769] scsi target2:0:1: asynchronous
[    3.117928] sd 2:0:0:0: Attached scsi generic sg0 type 0
[    3.119300] sd 2:0:0:0: [sda] 83886080 512-byte logical blocks: (42.9 GB/40.0 GiB)
[    3.119451] sd 2:0:1:0: [sdb] 20480 512-byte logical blocks: (10.5 MB/10.0 MiB)
[    3.119809] sd 2:0:1:0: [sdb] Write Protect is off
[    3.119911] sd 2:0:1:0: [sdb] Incomplete mode parameter data
[    3.119913] sd 2:0:1:0: [sdb] Assuming drive cache: write through
[    3.122509] sd 2:0:1:0: [sdb] Attached SCSI disk
[    3.126540] sd 2:0:1:0: Attached scsi generic sg1 type 0
[    3.127841] sd 2:0:0:0: [sda] Write Protect is off
[    3.128917] sd 2:0:0:0: [sda] Incomplete mode parameter data
[    3.129751] sd 2:0:0:0: [sda] Assuming drive cache: write through
[    3.132903]  sda: sda1
[    3.134526] sd 2:0:0:0: [sda] Attached SCSI disk
Begin: Loading essential drivers ... [    3.221448] md: linear personality registered for level -1
[    3.225174] md: multipath personality registered for level -4
[    3.229145] md: raid0 personality registered for level 0
[    3.235548] md: raid1 personality registered for level 1
[    3.310174] raid6: mmxx1    gen()  9073 MB/s
[    3.378202] raid6: mmxx2    gen()  9307 MB/s
[    3.446195] raid6: sse1x1   gen()  7640 MB/s
[    3.514241] raid6: sse1x2   gen()  9198 MB/s
[    3.582216] raid6: sse2x1   gen() 15995 MB/s
[    3.650186] raid6: sse2x1   xor() 11459 MB/s
[    3.718145] raid6: sse2x2   gen() 19717 MB/s
[    3.786209] raid6: sse2x2   xor() 13262 MB/s
[    3.854185] raid6: avx2x1   gen() 31353 MB/s
[    3.922223] raid6: avx2x2   gen() 35784 MB/s
[    3.923408] raid6: using algorithm avx2x2 gen() 35784 MB/s
[    3.924314] raid6: using avx2x1 recovery algorithm
[    3.927408] xor: automatically using best checksumming function:
[    3.966128]    avx       : 33403.000 MB/sec
[    3.968680] async_tx: api initialized (async)
[    3.984274] md: raid6 personality registered for level 6
[    3.985161] md: raid5 personality registered for level 5
[    3.986013] md: raid4 personality registered for level 4
[    3.993468] md: raid10 personality registered for level 10
done.
Begin: Running /scripts/init-premount ... done.
Begin: Mounting root file system ... Begin: Running /scripts/local-top ... done.
Begin: Running /scripts/local-premount ... [    4.025627] Btrfs loaded
Scanning for Btrfs filesystems
done.
Begin: Will now check root file system ... fsck from util-linux 2.27.1
[/sbin/fsck.ext4 (1) -- /dev/sda1] fsck.ext4 -a -C0 /dev/sda1 
cloudimg-rootfs: recovering journal
cloudimg-rootfs: Clearing orphaned inode 2086 (uid=0, gid=0, mode=0100644, size=427396)
cloudimg-rootfs: Clearing orphaned inode 2085 (uid=0, gid=0, mode=0100644, size=2005636)
cloudimg-rootfs: Clearing orphaned inode 58222 (uid=112, gid=116, mode=0100600, size=0)
cloudimg-rootfs: Clearing orphaned inode 58221 (uid=112, gid=116, mode=0100600, size=0)
cloudimg-rootfs: Clearing orphaned inode 58220 (uid=112, gid=116, mode=0100600, size=0)
cloudimg-rootfs: Clearing orphaned inode 58219 (uid=112, gid=116, mode=0100600, size=0)
cloudimg-rootfs: Clearing orphaned inode 58214 (uid=112, gid=116, mode=0100600, size=0)
cloudimg-rootfs: clean, 91135/5120000 files, 839634/10485499 blocks
done.
[    4.184970] EXT4-fs (sda1): mounted filesystem with ordered data mode. Opts: (null)
done.
Begin: Running /scripts/local-bottom ... done.
Begin: Running /scripts/init-bottom ... done.
[    4.284460] systemd[1]: systemd 229 running in system mode. (+PAM +AUDIT +SELINUX +IMA +APPARMOR +SMACK +SYSVINIT +UTMP +LIBCRYPTSETUP +GCRYPT +GNUTLS +ACL +XZ -LZ4 +SECCOMP +BLKID +ELFUTILS +KMOD -IDN)
[    4.287218] systemd[1]: Detected virtualization oracle.
[    4.288142] systemd[1]: Detected architecture x86.

Welcome to [1mUbuntu 16.04.7 LTS[0m!

[    4.291169] systemd[1]: Set hostname to <ubuntu-xenial>.
[    4.442986] systemd[1]: Listening on Syslog Socket.
[[0;32m  OK  [0m] Listening on Syslog Socket.
[    4.444466] systemd[1]: Reached target User and Group Name Lookups.
[[0;32m  OK  [0m] Reached target User and Group Name Lookups.
[    4.446173] systemd[1]: Listening on udev Kernel Socket.
[[0;32m  OK  [0m] Listening on udev Kernel Socket.
[    4.447798] systemd[1]: Created slice User and Session Slice.
[[0;32m  OK  [0m] Created slice User and Session Slice.
[    4.449643] systemd[1]: Listening on fsck to fsckd communication Socket.
[[0;32m  OK  [0m] Listening on fsck to fsckd communication Socket.
[    4.458297] systemd[1]: Listening on Journal Audit Socket.
[[0;32m  OK  [0m] Listening on Journal Audit Socket.
[    4.467014] systemd[1]: Listening on LVM2 metadata daemon socket.
[[0;32m  OK  [0m] Listening on LVM2 metadata daemon socket.
[    4.468718] systemd[1]: Started Forward Password Requests to Wall Directory Watch.
[[0;32m  OK  [0m] Started Forward Password Requests to Wall Directory Watch.
[    4.478723] systemd[1]: Listening on udev Control Socket.
[[0;32m  OK  [0m] Listening on udev Control Socket.
[    4.480955] systemd[1]: Listening on LVM2 poll daemon socket.
[[0;32m  OK  [0m] Listening on LVM2 poll daemon socket.
[    4.490314] systemd[1]: Listening on /dev/initctl Compatibility Named Pipe.
[[0;32m  OK  [0m] Listening on /dev/initctl Compatibility Named Pipe.
[    4.498263] systemd[1]: Reached target System Time Synchronized.
[[0;32m  OK  [0m] Reached target System Time Synchronized.
[    4.506828] systemd[1]: Started Trigger resolvconf update for networkd DNS.
[[0;32m  OK  [0m] Started Trigger resolvconf update for networkd DNS.
[    4.515004] systemd[1]: Created slice System Slice.
[[0;32m  OK  [0m] Created slice System Slice.
[    4.522495] systemd[1]: Reached target Slices.
[[0;32m  OK  [0m] Reached target Slices.
[    4.530586] systemd[1]: Created slice system-serial\x2dgetty.slice.
[[0;32m  OK  [0m] Created slice system-serial\x2dgetty.slice.
[    4.532302] systemd[1]: Set up automount Arbitrary Executable File Formats File System Automount Point.
[[0;32m  OK  [0m] Set up automount Arbitrary Executab...ats File System Automount Point.
[    4.543000] systemd[1]: Reached target Encrypted Volumes.
[[0;32m  OK  [0m] Reached target Encrypted Volumes.
[    4.544434] systemd[1]: Listening on Journal Socket (/dev/log).
[[0;32m  OK  [0m] Listening on Journal Socket (/dev/log).
[    4.733857] systemd[1]: Listening on Device-mapper event daemon FIFOs.
[[0;32m  OK  [0m] Listening on Device-mapper event daemon FIFOs.
[    4.735618] systemd[1]: Reached target Swap.
[[0;32m  OK  [0m] Reached target Swap.
[    4.736903] systemd[1]: Listening on Journal Socket.
[[0;32m  OK  [0m] Listening on Journal Socket.
[    4.759111] systemd[1]: Starting Set console keymap...
         Starting Set console keymap...
[    4.761077] systemd[1]: Mounting Huge Pages File System...
         Mounting Huge Pages File System...
[    4.765487] systemd[1]: Starting Nameserver information manager...
         Starting Nameserver information manager...
[    4.769011] systemd[1]: Starting Remount Root and Kernel File Systems...
         Starting Remount Root and Kernel File Systems...
[    4.774099] EXT4-fs (sda1): re-mounted. Opts: (null)
[    4.786219] systemd[1]: Starting Uncomplicated firewall...
         Starting Uncomplicated firewall...
[    4.813135] systemd[1]: Starting Create list of required static device nodes for the current kernel...
         Starting Create list of required st... nodes for the current kernel...
[    4.822741] systemd[1]: Starting Journal Service...
         Starting Journal Service...
[    4.824724] systemd[1]: Mounting Debug File System...
         Mounting Debug File System...
[    4.829105] systemd[1]: Starting Load Kernel Modules...
         Starting Load Kernel Modules...
[    4.831542] systemd[1]: Mounting POSIX Message Queue File System...
         Mounting POSIX Message Queue File System...
[    4.849480] systemd[1]: Starting Monitoring of LVM2 mirrors, snapshots etc. using dmeventd or progress polling...
         Starting Monitoring of LVM2 mirrors... dmeventd or progress polling...
[    4.856039] systemd[1]: Mounted POSIX Message Queue File System.
[[0;32m  OK  [0m] Mounted POSIX Message Queue File System.
[    4.862315] systemd[1]: Mounted Huge Pages File System.
[[0;32m  OK  [0m] Mounted Huge Pages File System.
[    4.864246] systemd[1]: Mounted Debug File System.
[[0;32m  OK  [[    4.866380] Loading iSCSI transport class v2.0-870.
0m] Mounted Debug File System.
[    4.869308] systemd[1]: Started Remount Root and Kernel File Systems.
[[0;32m  OK  [0m] Started Remount Root and Kernel File Systems.
[    4.873377] systemd[1]: Started Uncomplicated firewall.
[[0;32m  OK  [0m] Started Uncomplicated firewall.
[    4.881378] iscsi: registered transport (tcp)
[    4.882669] systemd[1]: Started Create list of required static device nodes for the current kernel.
[[0;32m  OK  [0m] Started Create list of required sta...ce nodes for the current kernel.
[    4.885554] systemd[1]: Started Nameserver information manager.
[[0;32m  OK  [0m] Started Nameserver information manager.
[    4.887869] systemd[1]: Started Journal Service.
[[0;32m  OK  [0m] Started Journal Service.
[[0;32m  OK  [0m] Started Set console keymap.
[[    4.938512] random: nonblocking pool is initialized
[0;32m  OK  [0m] Started LVM2 metadata daemon.
[    4.941368] iscsi: registered transport (iser)
         Starting Create Static Device Nodes in /dev...
         Starting udev Coldplug all Devices...
         Starting Load/Save Random Seed...
         Starting Flush Journal to Persistent Storage...
[[0;32m  OK  [0m] Started Load Kernel Modules.
[[0;32m  OK  [0m] Started Create Static Device Nodes in /dev.
[[0;32m  OK  [0m] Started Load/Save Random Seed.
         Starting udev Kernel Device Manager...
         Mounting FUSE Control File System...
         Starting Apply Kernel Variables...
[[0;32m  OK  [0m] Mounted FUSE Control File System.
[    4.984984] systemd-journald[398]: Received request to flush runtime journal from PID 1
[[0;32m  OK  [0m] Started Flush Journal to Persistent Storage.
[[0;32m  OK  [0m] Started Apply Kernel Variables.
[[0;32m  OK  [0m] Started udev Kernel Device Manager.
[[0;32m  OK  [0m] Started udev Coldplug all Devices.
[[0;32m  OK  [0m] Started Dispatch Password Requests to Console Directory Watch.
[[0;32m  OK  [0m] Found device /dev/ttyS0.
[[0;32m  OK  [0m] Listening on Load/Save RF Kill Switch Status /dev/rfkill Watch.
[[0;32m  OK  [0m] Found device 82540EM Gigabit Ethern...r (PRO/1000 MT Desktop Adapter).
[[0;32m  OK  [0m] Started Monitoring of LVM2 mirrors,...ng dmeventd or progress polling.
[[0;32m  OK  [0m] Reached target Local File Systems (Pre).
[[0;32m  OK  [0m] Reached target Local File Systems.
         Starting Tell Plymouth To Write Out Runtime Data...
         Starting Initial cloud-init job (pre-networking)...
         Starting Set console font and keymap...
         Starting LSB: AppArmor initialization...
         Starting Create Volatile Files and Directories...
[[0;32m  OK  [0m] Started Tell Plymouth To Write Out Runtime Data.
[[0;32m  OK  [0m] Started Create Volatile Files and Directories.
         Starting Update UTMP about System Boot/Shutdown...
[[0;32m  OK  [0m] Started Update UTMP about System Boot/Shutdown.
[[0;32m  OK  [0m] Started LSB: AppArmor initialization.
         Starting Load AppArmor profiles managed internally by snapd...
[[0;32m  OK  [0m] Started Load AppArmor profiles managed internally by snapd.
[[0;32m  OK  [0m] Started Set console font and keymap.
[[0;32m  OK  [0m] Created slice system-getty.slice.
[    6.132812] cloud-init[617]: Cloud-init v. 21.1-19-gbad84ad4-0ubuntu1~16.04.2 running 'init-local' at Tue, 21 Sep 2021 17:11:45 +0000. Up 5.84 seconds.
[[0;32m  OK  [0m] Started Initial cloud-init job (pre-networking).
[[0;32m  OK  [0m] Reached target Network (Pre).
         Starting Raise network interfaces...
[[0;32m  OK  [0m] Started ifup for enp0s3.
[[0;32m  OK  [0m] Started Raise network interfaces.
[[0;32m  OK  [0m] Reached target Network.
         Starting Initial cloud-init job (metadata service crawler)...
[    6.959140] cloud-init[978]: Cloud-init v. 21.1-19-gbad84ad4-0ubuntu1~16.04.2 running 'init' at Tue, 21 Sep 2021 17:11:46 +0000. Up 6.66 seconds.
[    6.968353] cloud-init[978]: ci-info: ++++++++++++++++++++++++++++++++++++++Net device info++++++++++++++++++++++++++++++++++++++
[    6.976349] cloud-init[978]: ci-info: +--------+------+----------------------------+---------------+--------+-------------------+
[    6.984394] cloud-init[978]: ci-info: | Device |  Up  |          Address           |      Mask     | Scope  |     Hw-Address    |
[    6.985816] cloud-init[978]: ci-info: +--------+------+----------------------------+---------------+--------+-------------------+
[    6.992318] cloud-init[978]: ci-info: | enp0s3 | True |         10.0.2.15          | 255.255.255.0 | global | 02:f5:69:a8:c4:9c |
[    6.993624] cloud-init[978]: ci-info: | enp0s3 | True | fe80::f5:69ff:fea8:c49c/64 |       .       |  link  | 02:f5:69:a8:c4:9c |
[    6.996641] cloud-init[[978]: [0;32m  OK  [0mci-info: |   lo   | True |         127.0.0.1          |   255.0.0.0   |  host  |         .         |] 
Started Initial cloud-init job (metadata service crawler).
[[0;32m  OK  [0m] Reached target Network is Online.
[    6.997636] cloud-init[978]: ci-info: |   lo   | True |          ::1/128           |       .       |  host  |         .         |
[    7.006041] cloud-init[978]: ci-info: +--------+------+----------------------------+---------------+--------+-------------------+
[    7.012490] cloud-init[978]: ci-info: +++++++++++++++++++++++++++Route IPv4 info++++++++++++++++++++++++++++
[    7.020575]          cloud-initStarting iSCSI initiator daemon (iscsid)...[978]: 
ci-info: +-------+-------------+----------+---------------+-----------+-------+
[    7.021814] [[0;32m  OK  [0m] Reached target Cloud-config availability.
[[0;32m  OK  [0m] Reached target System Initialization.
cloud-init[978]: ci-info: | Route | Destination | Gateway  |    Genmask    | Interface | Flags |
[[0;32m  OK  [0m] Started Daily apt download activities.
[[    7.024704] [0;32m  OK  [0m] Listening on ACPID Listen Socket.
[[0;32m  OK  [0m] Listening on UUID daemon activation socket.
[[0;32m  OK  [0m] Started Message of the Day.
cloud-init[978]:          Starting LXD - unix socket.
[[0;32m  OK  [0m] Started Daily apt upgrade and clean activities.
[[0;32m  OK  [0m] Started Daily Cleanup of Temporary Directories.
ci-info: +-------+-------------+----------+---------------+-----------+-------+
[    7.028517] [[0;32m  OK  [0m] Started ACPI Events Check.
[[0;32m  OK  [0m] Reached target Paths.
[[0;32m  OK  [0m] Listening on D-Bus System Message Bus Socket.
[[0;32m  OK  [0m] Started Ubuntu Advantage update messaging.
[[0;32m  OK  [0m] Reached target Timers.
cloud-init[978]: ci-info: |   0   |   0.0.0.0   | 10.0.2.2 |    0.0.0.0    |   enp0s3  |   UG  |
[    7.031082]          Starting Socket activation for snappy daemon.
[[0;32m  OK  [0m] Listening on LXD - unix socket.
[[0;32m  OK  [0m] Listening on Socket activation for snappy daemon.
cloud-init[978]: ci-info: |   1   |   10.0.2.0  | 0.0.0.0  | 255.255.255.0 |   enp0s3  |   U   |[[0;32m  OK  [0m] Reached target Sockets.
[[0;32m  OK  [0m] Reached target Basic System.

[    7.034477] [[0;32m  OK  [0m] Started ACPI event daemon.
cloud-init[978]: ci-info: +-------+-------------+----------+---------------+-----------+-------+         Starting Login Service...
         Starting MySQL Community Server...
         Starting Message of the Day...
         Starting LSB: Record successful boot for GRUB...
         Starting OpenBSD Secure Shell server...
         Starting /etc/rc.local Compatibility...
         Starting vboxadd.service...
         Starting LSB: MD monitoring daemon...
         Starting Snap Daemon...
[[0;32m  OK  [0m] Started D-Bus System Message Bus.

[    7.062824] cloud-init[978]: ci-info: +++++++++++++++++++Route IPv6 info+++++++++++++++++++
[    7.072459] cloud-init[978]: ci-info: +-------+-------------+---------+-----------+-------+
[    7.074116] cloud-init[978]: ci-info: | Route | Destination | Gateway | Interface | Flags |
[    7.076929] cloud-init[978]: ci-info: +-------+-------------+---------+-----------+-------+
[    7.081107] cloud-init[978]: ci-info: |   0   |  fe80::/64  |    ::   |   enp0s3  |   U   |
[    7.082675] cloud-init[978]: ci-info: |   3   |   ff00::/8  |    ::   |   enp0s3  |   U   |
[    7.084822] cloud-init[978]: ci-info: +-------+-------------+---------+-----------+-------+
[[0;32m  OK  [0m] Started FUSE filesystem for LXC.
[[0;32m  OK  [0m] Started Regular background program processing daemon.
         Starting System Logging Service...
         Starting Accounts Service...
[[0;32m  OK  [0m] Started Deferred execution scheduler.
         Starting Ubuntu Advantage APT and MOTD Messages...
         Starting LXD - container startup/shutdown...
[[0;32m  OK  [0m] Started iSCSI initiator daemon (iscsid).
[[0;32m  OK  [0m] Started Message of the Day.
[[0;32m  OK  [0m] Started /etc/rc.local Compatibility.
         Starting Login to default iSCSI targets...
[[0;32m  OK  [0m] Started Login Service.
[[0;32m  OK  [0m] Started Unattended Upgrades Shutdown.
[[0;32m  OK  [0m] Started LSB: Record successful boot for GRUB.
[[0;32m  OK  [0m] Started LSB: MD monitoring daemon.
[[0;32m  OK  [0m] Started OpenBSD Secure Shell server.
[[0;32m  OK  [0m] Started System Logging Service.
         Starting Authenticate and Authorize Users to Run Privileged Tasks...
[[0;32m  OK  [0m] Started Login to default iSCSI targets.
[[0;32m  OK  [0m] Reached target Remote File Systems (Pre).
         Mounting /vagrant...
[[0;1;31mFAILED[0m] Failed to mount /vagrant.
See 'systemctl status vagrant.mount' for details.
[[0;1;33mDEPEND[0m] Dependency failed for Remote File Systems.
         Starting LSB: Set the CPU Frequency Scaling governor to "ondemand"...
         Starting LSB: automatic crash report generation...
         Starting LSB: daemon to balance interrupts for SMP systems...
         Starting Permit User Sessions...
[[0;32m  OK  [0m] Started Permit User Sessions.
         Starting Terminate Plymouth Boot Screen...
         Starting Hold until boot process finishes up...
[[0;32m  OK  [0m] Started Hold until boot process finishes up.
         Starting Set console scheme...
[[0;32m  OK  [0m] Started Serial Getty on ttyS0.
[[0;32m  OK  [0m] Started Getty on tty1.
[[0;32m  OK  [0m] Reached target Login Prompts.
[[0;32m  OK  [0m] Started Terminate Plymouth Boot Screen.
[[0;32m  OK  [0m] Started Set console scheme.
[[0;32m  OK  [0m] Started LSB: Set the CPU Frequency Scaling governor to "ondemand".
[[0;32m  OK  [0m] Started LXD - container startup/shutdown.
[[0;32m  OK  [0m] Started LSB: daemon to balance interrupts for SMP systems.
[[0;32m  OK  [0m] Started Authenticate and Authorize Users to Run Privileged Tasks.
[[0;32m  OK  [0m] Started Accounts Service.
[[0;32m  OK  [0m] Started LSB: automatic crash report generation.
[[0;32m  OK  [0m] Started Snap Daemon.
         Starting Wait until snapd is fully seeded...
[[0;32m  OK  [0m] Started Wait until snapd is fully seeded.
         Starting Apply the settings specified in cloud-config...
[[0;32m  OK  [0m] Started Ubuntu Advantage APT and MOTD Messages.
[    9.140885] cloud-init[1249]: Cloud-init v. 21.1-19-gbad84ad4-0ubuntu1~16.04.2 running 'modules:config' at Tue, 21 Sep 2021 17:11:48 +0000. Up 8.93 seconds.
[[0;32m  OK  [0m] Started Apply the settings specified in cloud-config.
[[0;32m  OK  [0m] Started MySQL Community Server.
[[0;32m  OK  [0m] Started vboxadd.service.
         Starting vboxadd-service.service...
[[0;32m  OK  [0m] Started vboxadd-service.service.
[[0;32m  OK  [0m] Reached target Multi-User System.
         Starting Execute cloud user/final scripts...
[[0;32m  OK  [0m] Reached target Graphical Interface.
         Starting Update UTMP about System Runlevel Changes...
[[0;32m  OK  [0m] Started Update UTMP about System Runlevel Changes.
[    9.750036] cloud-init[1369]: Cloud-init v. 21.1-19-gbad84ad4-0ubuntu1~16.04.2 running 'modules:final' at Tue, 21 Sep 2021 17:11:49 +0000. Up 9.62 seconds.
[    9.751280] cloud-init[1369]: Cloud-init v. 21.1-19-gbad84ad4-0ubuntu1~16.04.2 finished at Tue, 21 Sep 2021 17:11:49 +0000. Datasource DataSourceNoCloud [seed=/dev/sdb][dsmode=net].  Up 9.74 seconds
[[0;32m  OK  [0m] Started Execute cloud user/final scripts.
[[0;32m  OK  [0m] Reached target Cloud-init target.
         Starting Daily apt download activities...
[[0;32m  OK  [0m] Created slice User Slice of vagrant.
         Starting User Manager for UID 1000...
[[0;32m  OK  [0m] Started Session 1 of user vagrant.
[[0;32m  OK  [0m] Started User Manager for UID 1000.

Ubuntu 16.04.7 LTS ubuntu-xenial ttyS0

ubuntu-xenial login: 